MPASM  5.46             COUNT_UP_AND_DOWN.ASM   5-12-2024  3:17:41         PAGE  1


LOC  OBJECT CODE     LINE SOURCE TEXT
  VALUE

                      00001 #INCLUDE P16F627A.INC
                      00001         LIST
                      00002 
                      00003 ;==========================================================================
                      00004 ;  MPASM PIC16F627A processor include
                      00005 ; 
                      00006 ;  (c) Copyright 1999-2012 Microchip Technology, All rights reserved
                      00007 ;==========================================================================
                      00008 
                      00385         LIST
Warning[205]: Found directive in column 1. (__CONFIG)
2007   3D10           00002 __CONFIG H'3d10'
                      00003 
                      00004 
0000   1683           00005 START                           BSF                     STATUS,5
0001   0186           00006                                         CLRF                    PORTB
0002   1283           00007                                         BCF                     STATUS,5
                      00008 
0003   0186           00009 INITIALIZE                      CLRF                    PORTB
0004   1405           00010                                         BSF                             PORTA,0
0005   1485           00011                                         BSF                             PORTA,1
0006   01D0           00012                                         CLRF                    50H
0007   300A           00013                                         MOVLW                   .10
0008   00A5           00014                                         MOVWF                   25H
0009   2031           00015                                         CALL                    DELAY
000A   2025           00016                                         CALL                    BCD
000B   2031           00017                                         CALL                    DELAY
                      00018 
                      00019 
000C   1805           00020 TEST                            BTFSC                   PORTA,0
000D   281B           00021                                         GOTO                    COUNT_UP
000E   1885           00022                                         BTFSC                   PORTA,1
000F   2811           00023                                         GOTO                    COUNT_DOWN
0010   2803           00024                                         GOTO                    INITIALIZE
                      00025 
0011   03A5           00026 COUNT_DOWN                      DECF                    25H,1
0012   0825           00027                                         MOVFW                   25H
0013   2025           00028                                         CALL                    BCD
0014   0086           00029                                         MOVWF                   PORTB
0015   2031           00030                                         CALL                    DELAY
0016   3000           00031                                         MOVLW                   .0
0017   0225           00032                                         SUBWF                   25H,0
0018   1D03           00033                                         BTFSS                   STATUS,Z
0019   2811           00034                                         GOTO                    COUNT_DOWN
001A   2803           00035                                         GOTO                    INITIALIZE                              
                      00036 
                      00037 
001B   0AD0           00038 COUNT_UP                        INCF                    50H,1
001C   0850           00039                                         MOVFW                   50H
001D   2025           00040                                         CALL                    BCD
001E   0086           00041                                         MOVWF                   PORTB
001F   2031           00042                                         CALL                    DELAY
0020   300A           00043                                         MOVLW                   .10
MPASM  5.46             COUNT_UP_AND_DOWN.ASM   5-12-2024  3:17:41         PAGE  2


LOC  OBJECT CODE     LINE SOURCE TEXT
  VALUE

0021   0250           00044                                         SUBWF                   50H,0
0022   1D03           00045                                         BTFSS                   STATUS,Z
0023   281B           00046                                         GOTO                    COUNT_UP 
0024   2803           00047                                         GOTO                    INITIALIZE
                      00048 
0025   00C0           00049 BCD:                            MOVWF                   40H
0026   01B0           00050                                         CLRF                    30H
0027   300A           00051 REPEAT2:                        MOVLW                   .10
0028   0240           00052                                         SUBWF                   40H,0
0029   1C03           00053                                         BTFSS                   STATUS,C
002A   282E           00054                                         GOTO                    FINISH2
002B   00C0           00055                                         MOVWF                   40H
002C   0AB0           00056                                         INCF                    30H,1
002D   2827           00057                                         GOTO                    REPEAT2
002E   0E30           00058 FINISH2:                        SWAPF                   30H,0
002F   0740           00059                                         ADDWF                   40H,0
0030   0008           00060                                         RETURN
0031   3008           00061 DELAY                           MOVLW                   .8
0032   00A0           00062                                         MOVWF                   20H
0033   3067           00063 LOOP3                           MOVLW                   .103
0034   00A1           00064                                         MOVWF                   21H
0035   30C9           00065 LOOP2                           MOVLW                   .201
0036   00A2           00066                                         MOVWF                   22H
0037   0BA2           00067 LOOP1                           DECFSZ                  22H,1
0038   2837           00068                                         GOTO                    LOOP1
0039   0BA1           00069                                         DECFSZ                  21H,1
003A   2835           00070                                         GOTO                    LOOP2
003B   0BA0           00071                                         DECFSZ                  20H,1
003C   2833           00072                                         GOTO                    LOOP3
003D   0008           00073                                         RETURN
                      00074                                         END
MPASM  5.46             COUNT_UP_AND_DOWN.ASM   5-12-2024  3:17:41         PAGE  3


SYMBOL TABLE
  LABEL                             VALUE 

ADDEN                             00000003
ADEN                              00000003
BCD                               00000025
BRGH                              00000002
C                                 00000000
C1INV                             00000004
C1OUT                             00000006
C2INV                             00000005
C2OUT                             00000007
CCP1CON                           00000017
CCP1IE                            00000002
CCP1IF                            00000002
CCP1M0                            00000000
CCP1M1                            00000001
CCP1M2                            00000002
CCP1M3                            00000003
CCP1X                             00000005
CCP1Y                             00000004
CCPR1                             00000015
CCPR1H                            00000016
CCPR1L                            00000015
CIS                               00000003
CM0                               00000000
CM1                               00000001
CM2                               00000002
CMCON                             0000001F
CMIE                              00000006
CMIF                              00000006
COUNT_DOWN                        00000011
COUNT_UP                          0000001B
CREN                              00000004
CSRC                              00000007
DATA_CP_OFF                       00003FFF
DATA_CP_ON                        00003EFF
DC                                00000001
DELAY                             00000031
EEADR                             0000009B
EECON1                            0000009C
EECON2                            0000009D
EEDATA                            0000009A
EEIE                              00000007
EEIF                              00000007
F                                 00000001
FERR                              00000002
FINISH2                           0000002E
FSR                               00000004
GIE                               00000007
INDF                              00000000
INITIALIZE                        00000003
INTCON                            0000000B
INTE                              00000004
INTEDG                            00000006
INTF                              00000001
MPASM  5.46             COUNT_UP_AND_DOWN.ASM   5-12-2024  3:17:41         PAGE  4


SYMBOL TABLE
  LABEL                             VALUE 

IRP                               00000007
LOOP1                             00000037
LOOP2                             00000035
LOOP3                             00000033
NOT_BO                            00000000
NOT_BOD                           00000000
NOT_BOR                           00000000
NOT_PD                            00000003
NOT_POR                           00000001
NOT_RBPU                          00000007
NOT_T1SYNC                        00000002
NOT_TO                            00000004
OERR                              00000001
OPTION_REG                        00000081
OSCF                              00000003
PCL                               00000002
PCLATH                            0000000A
PCON                              0000008E
PEIE                              00000006
PIE1                              0000008C
PIR1                              0000000C
PORTA                             00000005
PORTB                             00000006
PR2                               00000092
PS0                               00000000
PS1                               00000001
PS2                               00000002
PSA                               00000003
RA0                               00000000
RA1                               00000001
RA2                               00000002
RA3                               00000003
RA4                               00000004
RA5                               00000005
RA6                               00000006
RA7                               00000007
RB0                               00000000
RB1                               00000001
RB2                               00000002
RB3                               00000003
RB4                               00000004
RB5                               00000005
RB6                               00000006
RB7                               00000007
RBIE                              00000003
RBIF                              00000000
RCIE                              00000005
RCIF                              00000005
RCREG                             0000001A
RCSTA                             00000018
RD                                00000000
REPEAT2                           00000027
RP0                               00000005
MPASM  5.46             COUNT_UP_AND_DOWN.ASM   5-12-2024  3:17:41         PAGE  5


SYMBOL TABLE
  LABEL                             VALUE 

RP1                               00000006
RX9                               00000006
RX9D                              00000000
SPBRG                             00000099
SPEN                              00000007
SREN                              00000005
START                             00000000
STATUS                            00000003
SYNC                              00000004
T0CS                              00000005
T0IE                              00000005
T0IF                              00000002
T0SE                              00000004
T1CKPS0                           00000004
T1CKPS1                           00000005
T1CON                             00000010
T1OSCEN                           00000003
T2CKPS0                           00000000
T2CKPS1                           00000001
T2CON                             00000012
TEST                              0000000C
TMR0                              00000001
TMR0IE                            00000005
TMR0IF                            00000002
TMR1                              0000000E
TMR1CS                            00000001
TMR1H                             0000000F
TMR1IE                            00000000
TMR1IF                            00000000
TMR1L                             0000000E
TMR1ON                            00000000
TMR2                              00000011
TMR2IE                            00000001
TMR2IF                            00000001
TMR2ON                            00000002
TOUTPS0                           00000003
TOUTPS1                           00000004
TOUTPS2                           00000005
TOUTPS3                           00000006
TRISA                             00000085
TRISA0                            00000000
TRISA1                            00000001
TRISA2                            00000002
TRISA3                            00000003
TRISA4                            00000004
TRISA5                            00000005
TRISA6                            00000006
TRISA7                            00000007
TRISB                             00000086
TRISB0                            00000000
TRISB1                            00000001
TRISB2                            00000002
TRISB3                            00000003
MPASM  5.46             COUNT_UP_AND_DOWN.ASM   5-12-2024  3:17:41         PAGE  6


SYMBOL TABLE
  LABEL                             VALUE 

TRISB4                            00000004
TRISB5                            00000005
TRISB6                            00000006
TRISB7                            00000007
TRMT                              00000001
TX9                               00000006
TX9D                              00000000
TXEN                              00000005
TXIE                              00000004
TXIF                              00000004
TXREG                             00000019
TXSTA                             00000098
VR0                               00000000
VR1                               00000001
VR2                               00000002
VR3                               00000003
VRCON                             0000009F
VREN                              00000007
VROE                              00000006
VRR                               00000005
W                                 00000000
WR                                00000001
WREN                              00000002
WRERR                             00000003
Z                                 00000002
_BODEN_OFF                        00003FBF
_BODEN_ON                         00003FFF
_BOREN_OFF                        00003FBF
_BOREN_ON                         00003FFF
_CONFIG                           00002007
_CPD_OFF                          00003FFF
_CPD_ON                           00003EFF
_CP_OFF                           00003FFF
_CP_ON                            00001FFF
_DEVID1                           00002006
_ER_OSC_CLKOUT                    00003FFF
_ER_OSC_NOCLKOUT                  00003FFE
_EXTCLK_OSC                       00003FEF
_FOSC_ECIO                        00003FEF
_FOSC_EXTRCCLK                    00003FFF
_FOSC_EXTRCIO                     00003FFE
_FOSC_HS                          00003FEE
_FOSC_INTOSCCLK                   00003FFD
_FOSC_INTOSCIO                    00003FFC
_FOSC_LP                          00003FEC
_FOSC_XT                          00003FED
_HS_OSC                           00003FEE
_IDLOC0                           00002000
_IDLOC1                           00002001
_IDLOC2                           00002002
_IDLOC3                           00002003
_INTOSC_OSC_CLKOUT                00003FFD
_INTOSC_OSC_NOCLKOUT              00003FFC
MPASM  5.46             COUNT_UP_AND_DOWN.ASM   5-12-2024  3:17:41         PAGE  7


SYMBOL TABLE
  LABEL                             VALUE 

_INTRC_OSC_CLKOUT                 00003FFD
_INTRC_OSC_NOCLKOUT               00003FFC
_LP_OSC                           00003FEC
_LVP_OFF                          00003F7F
_LVP_ON                           00003FFF
_MCLRE_OFF                        00003FDF
_MCLRE_ON                         00003FFF
_PWRTE_OFF                        00003FFF
_PWRTE_ON                         00003FF7
_RC_OSC_CLKOUT                    00003FFF
_RC_OSC_NOCLKOUT                  00003FFE
_WDTE_OFF                         00003FFB
_WDTE_ON                          00003FFF
_WDT_OFF                          00003FFB
_WDT_ON                           00003FFF
_XT_OSC                           00003FED
__16F627A                         00000001
__DEBUG                           1


MEMORY USAGE MAP ('X' = Used,  '-' = Unused)

0000 : XXXXXXXXXXXXXXXX XXXXXXXXXXXXXXXX XXXXXXXXXXXXXXXX XXXXXXXXXXXXXX--
2000 : -------X-------- ---------------- ---------------- ----------------

All other memory blocks unused.

Program Memory Words Used:    62
Program Memory Words Free:   962


Errors   :     0
Warnings :     1 reported,     0 suppressed
Messages :     0 reported,     0 suppressed

